<?xml version="1.0" encoding="UTF-8"?>
<testng-results skipped="0" failed="0" total="1" passed="1">
  <reporter-output>
  </reporter-output>
  <suite name="Suite" duration-ms="22831" started-at="2017-09-15T10:10:59Z" finished-at="2017-09-15T10:11:22Z">
    <groups>
    </groups>
    <test name="Test" duration-ms="22831" started-at="2017-09-15T10:10:59Z" finished-at="2017-09-15T10:11:22Z">
      <class name="demo.DemoJenkinsProg">
        <test-method status="PASS" signature="demoTst()[pri:0, instance:demo.DemoJenkinsProg@66d33a]" name="demoTst" duration-ms="22811" started-at="2017-09-15T15:40:59Z" finished-at="2017-09-15T15:41:22Z">
          <reporter-output>
          </reporter-output>
        </test-method> <!-- demoTst -->
      </class> <!-- demo.DemoJenkinsProg -->
    </test> <!-- Test -->
  </suite> <!-- Suite -->
</testng-results>
