<?xml version="1.0" encoding="UTF-8"?>
<testng-results skipped="0" failed="0" total="1" passed="1">
  <reporter-output>
  </reporter-output>
  <suite name="Suite" duration-ms="22267" started-at="2017-09-17T13:28:18Z" finished-at="2017-09-17T13:28:41Z">
    <groups>
    </groups>
    <test name="Test" duration-ms="22267" started-at="2017-09-17T13:28:18Z" finished-at="2017-09-17T13:28:41Z">
      <class name="demo.DemoJenkinsProg">
        <test-method status="PASS" signature="demoTst()[pri:0, instance:demo.DemoJenkinsProg@66d33a]" name="demoTst" duration-ms="22249" started-at="2017-09-17T18:58:18Z" finished-at="2017-09-17T18:58:41Z">
          <reporter-output>
          </reporter-output>
        </test-method> <!-- demoTst -->
      </class> <!-- demo.DemoJenkinsProg -->
    </test> <!-- Test -->
  </suite> <!-- Suite -->
</testng-results>
